[debug] [2024-03-21T01:32:23.815Z] ----------------------------------------------------------------------
[debug] [2024-03-21T01:32:23.818Z] Command:       C:\Program Files\nodejs\node.exe C:\Program Files\nodejs\node_modules\firebase-tools\lib\bin\firebase.js init
[debug] [2024-03-21T01:32:23.818Z] CLI Version:   13.5.1
[debug] [2024-03-21T01:32:23.818Z] Platform:      win32
[debug] [2024-03-21T01:32:23.819Z] Node Version:  v20.11.0
[debug] [2024-03-21T01:32:23.819Z] Time:          Wed Mar 20 2024 21:32:23 GMT-0400 (Eastern Daylight Time)
[debug] [2024-03-21T01:32:23.819Z] ----------------------------------------------------------------------
[debug] 
[debug] [2024-03-21T01:32:23.885Z] > command requires scopes: ["email","openid","https://www.googleapis.com/auth/cloudplatformprojects.readonly","https://www.googleapis.com/auth/firebase","https://www.googleapis.com/auth/cloud-platform"]
[debug] [2024-03-21T01:32:23.885Z] > authorizing via signed-in user (rinkusarkar353@gmail.com)
[info] 
     ######## #### ########  ######## ########     ###     ######  ########
     ##        ##  ##     ## ##       ##     ##  ##   ##  ##       ##
     ######    ##  ########  ######   ########  #########  ######  ######
     ##        ##  ##    ##  ##       ##     ## ##     ##       ## ##
     ##       #### ##     ## ######## ########  ##     ##  ######  ########

You're about to initialize a Firebase project in this directory:

  F:\nextJs\firebasecampuslink\fibaseDatabaseCampuslink\campus-link

Before we get started, keep in mind:

  * You are initializing within an existing Firebase project directory

[info] 
=== Project Setup
[info] 
[info] First, let's associate this project directory with a Firebase project.
[info] You can create multiple project aliases by running firebase use --add, 
[info] but for now we'll just set up a default project.
[info] 
[debug] [2024-03-21T01:32:32.786Z] Using project from CLI flag: campus--link
[debug] [2024-03-21T01:32:32.787Z] > refreshing access token with scopes: []
[debug] [2024-03-21T01:32:32.788Z] >>> [apiv2][query] POST https://www.googleapis.com/oauth2/v3/token [none]
[debug] [2024-03-21T01:32:32.789Z] >>> [apiv2][body] POST https://www.googleapis.com/oauth2/v3/token [omitted]
[debug] [2024-03-21T01:32:32.977Z] <<< [apiv2][status] POST https://www.googleapis.com/oauth2/v3/token 200
[debug] [2024-03-21T01:32:32.977Z] <<< [apiv2][body] POST https://www.googleapis.com/oauth2/v3/token [omitted]
[debug] [2024-03-21T01:32:32.997Z] >>> [apiv2][query] GET https://firebase.googleapis.com/v1beta1/projects/campus--link [none]
[debug] [2024-03-21T01:32:33.378Z] <<< [apiv2][status] GET https://firebase.googleapis.com/v1beta1/projects/campus--link 200
[debug] [2024-03-21T01:32:33.378Z] <<< [apiv2][body] GET https://firebase.googleapis.com/v1beta1/projects/campus--link {"projectId":"campus--link","projectNumber":"1081590428682","displayName":"campuslink","name":"projects/campus--link","resources":{"hostingSite":"campus--link","storageBucket":"campus--link.appspot.com","locationId":"us-central"},"state":"ACTIVE","etag":"1_f544d294-cd13-4933-9d92-d3358dad3b86"}
[info] i  Using project campus--link (campuslink) 
[info] 
=== Hosting Setup
[debug] [2024-03-21T01:32:33.389Z] >>> [apiv2][query] GET https://firebase.googleapis.com/v1beta1/projects/campus--link [none]
[debug] [2024-03-21T01:32:33.686Z] <<< [apiv2][status] GET https://firebase.googleapis.com/v1beta1/projects/campus--link 200
[debug] [2024-03-21T01:32:33.686Z] <<< [apiv2][body] GET https://firebase.googleapis.com/v1beta1/projects/campus--link {"projectId":"campus--link","projectNumber":"1081590428682","displayName":"campuslink","name":"projects/campus--link","resources":{"hostingSite":"campus--link","storageBucket":"campus--link.appspot.com","locationId":"us-central"},"state":"ACTIVE","etag":"1_f544d294-cd13-4933-9d92-d3358dad3b86"}
[info] 
[info] Your public directory is the folder (relative to your project directory) that
[info] will contain Hosting assets to be uploaded with firebase deploy. If you
[info] have a build process for your assets, use your build's output directory.
[info] 
